<?xml version="1.0" encoding="UTF-8"?>
<!-- Generated by org.testng.reporters.JUnitReportReporter -->
<testsuite hostname="Teja" failures="0" tests="4" name="runner.TestRun" time="12.158" errors="0" timestamp="2024-04-18T15:39:18 IST" skipped="0">
  <testcase classname="runner.TestRun" name="runScenario" time="2.491"/>
  <testcase classname="runner.TestRun" name="runScenario" time="2.226"/>
  <testcase classname="runner.TestRun" name="runScenario" time="2.089"/>
  <testcase classname="runner.TestRun" name="runScenario" time="5.352"/>
</testsuite> <!-- runner.TestRun -->
